# Android tweaker.
~ STATUS: [STABLE]
~ VERSION: 2.1.5
~ CHANGELOGS:
- Implemented Auto ram boost.
- Implemented Auto cache cleaner service.
- Implemented Sqlite3 optimization (binary required).
- implemented Prop tweaks.
- Implemented CPU CoreClt.
- Implemented Thermal services.
- Improved File system.
- Reworked I/O tweaks.
- Reworked GPU variables.
- Removed Network tweaks(Non-Compiatblity).
- Fixed preload permission.
- Fixed CPU (battery).
- Reworked File system.
- Implemented GMS doze.
- Fixed minor bugs.
- Worked on many changes.
